mode: set
cursoGo/src/mock-testing/main.go:33.62,35.2 1 0
cursoGo/src/mock-testing/main.go:37.64,39.2 1 0
cursoGo/src/mock-testing/main.go:41.42,43.2 1 0
cursoGo/src/mock-testing/main.go:45.46,47.2 1 0
cursoGo/src/mock-testing/main.go:49.27,51.2 1 0
cursoGo/src/mock-testing/main.go:53.55,56.2 2 0
cursoGo/src/mock-testing/main.go:58.54,61.2 2 0
cursoGo/src/mock-testing/main.go:63.76,67.16 3 1
cursoGo/src/mock-testing/main.go:71.2,73.16 3 1
cursoGo/src/mock-testing/main.go:77.2,79.24 2 1
cursoGo/src/mock-testing/main.go:67.16,69.3 1 0
cursoGo/src/mock-testing/main.go:73.16,75.3 1 0
